<?xml version="1.0" encoding="UTF-8"?>
<testsuite xmlns:xsi="http://www.w3.org/2001/XMLSchema-instance" xsi:noNamespaceSchemaLocation="https://maven.apache.org/surefire/maven-surefire-plugin/xsd/surefire-test-report-3.0.xsd" version="3.0" name="com.esfera.camunda.delegates.CalcularMediaPontosBeneficiosTest" time="0.019" tests="5" errors="0" skipped="0" failures="0">
  <properties>
[...]
</properties>
  <testcase name="testExecute_ComBeneficioZero" classname="com.esfera.camunda.delegates.CalcularMediaPontosBeneficiosTest" time="0.005"/>
  <testcase name="testExecute_ComBeneficioUm" classname="com.esfera.camunda.delegates.CalcularMediaPontosBeneficiosTest" time="0.003">
    <system-out><![CDATA[Calculo: 50
]]></system-out>
  </testcase>
  <testcase name="testExecute_CalculoValido" classname="com.esfera.camunda.delegates.CalcularMediaPontosBeneficiosTest" time="0.002">
    <system-out><![CDATA[Calculo: 10
]]></system-out>
  </testcase>
  <testcase name="testExecute_ComVariaveisNull" classname="com.esfera.camunda.delegates.CalcularMediaPontosBeneficiosTest" time="0.002"/>
  <testcase name="testExecute_ComPontosZero" classname="com.esfera.camunda.delegates.CalcularMediaPontosBeneficiosTest" time="0.003">
    <system-out><![CDATA[Calculo: 0
]]></system-out>
  </testcase>
</testsuite>